<?xml version="1.0" encoding="UTF-8"?>
<!-- Generated by org.testng.reporters.JUnitXMLReporter -->
<testsuite hostname="Nas" ignored="2" name="Default test" tests="1" failures="0" timestamp="2022-06-12T23:04:37 EDT" time="2.753" errors="0">
  <testcase name="testPostUserUsingMapPayload" time="2.71" classname="testPostUser.TestPostUserApi"/>
  <testcase name="testPostUserUsingStringPayload" time="0.0" classname="testPostUser.TestPostUserApi">
    <ignored/>
  </testcase> <!-- testPostUserUsingStringPayload -->
  <testcase name="testPostUserUsingFilePayload" time="0.0" classname="testPostUser.TestPostUserApi">
    <ignored/>
  </testcase> <!-- testPostUserUsingFilePayload -->
</testsuite> <!-- Default test -->
