<?xml version="1.0" encoding="UTF-8"?>
<testng-results skipped="0" failed="0" ignored="2" total="3" passed="1">
  <reporter-output>
  </reporter-output>
  <suite name="Default suite" duration-ms="2753" started-at="2022-06-12T23:04:34 EDT" finished-at="2022-06-12T23:04:37 EDT">
    <groups>
    </groups>
    <test name="Default test" duration-ms="2753" started-at="2022-06-12T23:04:34 EDT" finished-at="2022-06-12T23:04:37 EDT">
      <class name="testPostUser.TestPostUserApi">
        <test-method status="PASS" signature="testPostUserUsingMapPayload()[pri:0, instance:testPostUser.TestPostUserApi@80503]" name="testPostUserUsingMapPayload" duration-ms="2710" started-at="2022-06-12T23:04:34 EDT" finished-at="2022-06-12T23:04:37 EDT">
          <reporter-output>
          </reporter-output>
        </test-method> <!-- testPostUserUsingMapPayload -->
      </class> <!-- testPostUser.TestPostUserApi -->
    </test> <!-- Default test -->
  </suite> <!-- Default suite -->
</testng-results>
